<?xml version="1.0" encoding="UTF-8"?>
<!-- Generated by org.testng.reporters.JUnitReportReporter -->
<testsuite skipped="0" hostname="ASHOK-PC" name="com.TestClasses.PostAPITest" tests="1" failures="0" timestamp="28 Jun 2018 06:43:30 GMT" time="2.328" errors="0">
  <testcase name="postMethodTest" time="2.328" classname="com.TestClasses.PostAPITest"/>
</testsuite> <!-- com.TestClasses.PostAPITest -->
